nga
za2
za4
za5
hkg
id5
my1
my2
my4
my5
n02
n03
n10
n12
n16
n19
n20
n21
tw1
tw2
tw3
act
mgm
nsw
ntx
nzn
nzs
qld
qlr
ric
rns
sax
war
wax
at1
at2
bel
bgr
ch1
ch2
cz2
d51
d52
d53
d54
d55
d56
d57
d58
d60
d61
d64
d68
d69
d70
dnk
e02
e04
e06
e08
e09
e10
e11
e12
e13
e14
est
F10
F11
F12
F13
F14
F15
F17
F18
F19
F20
F21
F22
F23
F24
fi1
fi2
g21
g23
g24
g26
g27
g28
g29
g30
gr1
gr2
hu1
hu2
I10
I11
I12
I13
I14
I16
I17
I18
I19
I20
irl
ltu
lva
nl1
nl2
nl3
no1
no2
no3
pl1
pl2
pl3
pl4
prt
ru2
ru6
smr
svk
svn
sw1
sw2
sw5
tr2
tr3
tr4
tr5
ua2
ae2
br6
br8
co1
co2
co3
ak1ak1
cab
cbc
cmb
cnb
cns
cnu
cop
csk
cx1
cx2
cyt
mn3
mn4
mx1
mx4
mx6
mx7
mx8
nc1
nc2
qc1
qc2
tn1
ual
uar
uaz
uc2
uc3
uc4
uct
uf1
uf3
uf4
uf5
ug1
ug2
uhi
ui1
ui2
uia
uid
uin
uky
ula
um1
um2
um6
uma
ums
umt
